21:25:29.851 [main] INFO  testCases.TC_001_AccountRegistrationTest - *****Starting TC_001_AccountRegistrationTest******
21:25:30.257 [main] INFO  testCases.TC_001_AccountRegistrationTest - Clicked on My Acccount Link
21:25:33.460 [main] INFO  testCases.TC_001_AccountRegistrationTest - Clicked on Register Link
21:25:33.471 [main] INFO  testCases.TC_001_AccountRegistrationTest - Providing customer data
21:25:35.093 [main] INFO  testCases.TC_001_AccountRegistrationTest - Clicked on continue
21:25:39.012 [main] INFO  testCases.TC_001_AccountRegistrationTest - *****Finished TC_001_AccountRegistrationTest******
21:28:21.678 [main] DEBUG io.netty.util.internal.logging.InternalLoggerFactory - Using Log4J2 as the default logging framework
21:28:21.719 [main] DEBUG io.netty.util.ResourceLeakDetector - -Dio.netty.leakDetection.level: simple
21:28:21.719 [main] DEBUG io.netty.util.ResourceLeakDetector - -Dio.netty.leakDetection.targetRecords: 4
21:28:21.729 [main] DEBUG io.netty.util.ResourceLeakDetectorFactory - Loaded default ResourceLeakDetector: io.netty.util.ResourceLeakDetector@68f32020
21:28:21.767 [main] DEBUG io.netty.util.internal.PlatformDependent0 - -Dio.netty.noUnsafe: false
21:28:21.767 [main] DEBUG io.netty.util.internal.PlatformDependent0 - Java version: 11
21:28:21.769 [main] DEBUG io.netty.util.internal.PlatformDependent0 - sun.misc.Unsafe.theUnsafe: available
21:28:21.770 [main] DEBUG io.netty.util.internal.PlatformDependent0 - sun.misc.Unsafe.copyMemory: available
21:28:21.771 [main] DEBUG io.netty.util.internal.PlatformDependent0 - sun.misc.Unsafe.storeFence: available
21:28:21.772 [main] DEBUG io.netty.util.internal.PlatformDependent0 - java.nio.Buffer.address: available
21:28:21.773 [main] DEBUG io.netty.util.internal.PlatformDependent0 - direct buffer constructor: unavailable: Reflective setAccessible(true) disabled
21:28:21.774 [main] DEBUG io.netty.util.internal.PlatformDependent0 - java.nio.Bits.unaligned: available, true
21:28:21.776 [main] DEBUG io.netty.util.internal.PlatformDependent0 - jdk.internal.misc.Unsafe.allocateUninitializedArray(int): unavailable: class io.netty.util.internal.PlatformDependent0$7 cannot access class jdk.internal.misc.Unsafe (in module java.base) because module java.base does not export jdk.internal.misc to unnamed module @36ddaebf
21:28:21.779 [main] DEBUG io.netty.util.internal.PlatformDependent0 - java.nio.DirectByteBuffer.<init>(long, {int,long}): unavailable
21:28:21.779 [main] DEBUG io.netty.util.internal.PlatformDependent - sun.misc.Unsafe: available
21:28:21.780 [main] DEBUG io.netty.util.internal.PlatformDependent - maxDirectMemory: 1054867456 bytes (maybe)
21:28:21.781 [main] DEBUG io.netty.util.internal.PlatformDependent - -Dio.netty.tmpdir: C:\Users\hp\AppData\Local\Temp (java.io.tmpdir)
21:28:21.781 [main] DEBUG io.netty.util.internal.PlatformDependent - -Dio.netty.bitMode: 64 (sun.arch.data.model)
21:28:21.782 [main] DEBUG io.netty.util.internal.PlatformDependent - Platform: Windows
21:28:21.783 [main] DEBUG io.netty.util.internal.PlatformDependent - -Dio.netty.maxDirectMemory: -1 bytes
21:28:21.783 [main] DEBUG io.netty.util.internal.PlatformDependent - -Dio.netty.uninitializedArrayAllocationThreshold: -1
21:28:21.786 [main] DEBUG io.netty.util.internal.CleanerJava9 - java.nio.ByteBuffer.cleaner(): available
21:28:21.787 [main] DEBUG io.netty.util.internal.PlatformDependent - -Dio.netty.noPreferDirect: false
21:28:21.799 [main] DEBUG io.netty.util.internal.PlatformDependent - org.jctools-core.MpscChunkedArrayQueue: available
21:28:21.836 [main] DEBUG io.netty.util.internal.InternalThreadLocalMap - -Dio.netty.threadLocalMap.stringBuilder.initialSize: 1024
21:28:21.836 [main] DEBUG io.netty.util.internal.InternalThreadLocalMap - -Dio.netty.threadLocalMap.stringBuilder.maxSize: 4096
21:28:21.906 [main] DEBUG io.netty.handler.ssl.JdkSslContext - Default protocols (JDK): [TLSv1.3, TLSv1.2] 
21:28:21.906 [main] DEBUG io.netty.handler.ssl.JdkSslContext - Default cipher suites (JDK): [TLS_ECDHE_ECDSA_WITH_AES_256_GCM_SHA384, TLS_ECDHE_ECDSA_WITH_AES_128_GCM_SHA256, TLS_ECDHE_RSA_WITH_AES_128_GCM_SHA256, TLS_ECDHE_RSA_WITH_AES_256_GCM_SHA384, TLS_ECDHE_RSA_WITH_AES_128_CBC_SHA, TLS_ECDHE_RSA_WITH_AES_256_CBC_SHA, TLS_RSA_WITH_AES_128_GCM_SHA256, TLS_RSA_WITH_AES_128_CBC_SHA, TLS_RSA_WITH_AES_256_CBC_SHA, TLS_AES_128_GCM_SHA256, TLS_AES_256_GCM_SHA384]
21:28:21.941 [main] DEBUG io.netty.util.concurrent.GlobalEventExecutor - -Dio.netty.globalEventExecutor.quietPeriodSeconds: 1
21:28:21.971 [main] DEBUG io.netty.channel.MultithreadEventLoopGroup - -Dio.netty.eventLoopThreads: 8
21:28:21.995 [main] DEBUG io.netty.channel.nio.NioEventLoop - -Dio.netty.noKeySetOptimization: false
21:28:21.995 [main] DEBUG io.netty.channel.nio.NioEventLoop - -Dio.netty.selectorAutoRebuildThreshold: 512
21:28:22.075 [main] DEBUG io.netty.buffer.PooledByteBufAllocator - -Dio.netty.allocator.numHeapArenas: 8
21:28:22.075 [main] DEBUG io.netty.buffer.PooledByteBufAllocator - -Dio.netty.allocator.numDirectArenas: 8
21:28:22.075 [main] DEBUG io.netty.buffer.PooledByteBufAllocator - -Dio.netty.allocator.pageSize: 8192
21:28:22.075 [main] DEBUG io.netty.buffer.PooledByteBufAllocator - -Dio.netty.allocator.maxOrder: 9
21:28:22.075 [main] DEBUG io.netty.buffer.PooledByteBufAllocator - -Dio.netty.allocator.chunkSize: 4194304
21:28:22.075 [main] DEBUG io.netty.buffer.PooledByteBufAllocator - -Dio.netty.allocator.smallCacheSize: 256
21:28:22.076 [main] DEBUG io.netty.buffer.PooledByteBufAllocator - -Dio.netty.allocator.normalCacheSize: 64
21:28:22.076 [main] DEBUG io.netty.buffer.PooledByteBufAllocator - -Dio.netty.allocator.maxCachedBufferCapacity: 32768
21:28:22.076 [main] DEBUG io.netty.buffer.PooledByteBufAllocator - -Dio.netty.allocator.cacheTrimInterval: 8192
21:28:22.076 [main] DEBUG io.netty.buffer.PooledByteBufAllocator - -Dio.netty.allocator.cacheTrimIntervalMillis: 0
21:28:22.076 [main] DEBUG io.netty.buffer.PooledByteBufAllocator - -Dio.netty.allocator.useCacheForAllThreads: false
21:28:22.077 [main] DEBUG io.netty.buffer.PooledByteBufAllocator - -Dio.netty.allocator.maxCachedByteBuffersPerChunk: 1023
21:28:22.098 [main] DEBUG io.netty.buffer.ByteBufUtil - -Dio.netty.allocator.type: pooled
21:28:22.098 [main] DEBUG io.netty.buffer.ByteBufUtil - -Dio.netty.threadLocalDirectBufferSize: 0
21:28:22.099 [main] DEBUG io.netty.buffer.ByteBufUtil - -Dio.netty.maxThreadLocalCharBufferSize: 16384
21:28:22.853 [Forwarding newSession on session null to remote] DEBUG io.netty.channel.DefaultChannelId - -Dio.netty.processId: 14268 (auto-detected)
21:28:22.857 [Forwarding newSession on session null to remote] DEBUG io.netty.util.NetUtil - -Djava.net.preferIPv4Stack: false
21:28:22.857 [Forwarding newSession on session null to remote] DEBUG io.netty.util.NetUtil - -Djava.net.preferIPv6Addresses: false
21:28:23.116 [Forwarding newSession on session null to remote] DEBUG io.netty.util.NetUtilInitializations - Loopback interface: lo (Software Loopback Interface 1, 127.0.0.1)
21:28:23.123 [Forwarding newSession on session null to remote] DEBUG io.netty.util.NetUtil - Failed to get SOMAXCONN from sysctl and file \proc\sys\net\core\somaxconn. Default: 200
21:28:23.141 [Forwarding newSession on session null to remote] DEBUG io.netty.channel.DefaultChannelId - -Dio.netty.machineId: c4:8e:8f:ff:fe:65:d7:df (auto-detected)
21:28:23.245 [AsyncHttpClient-1-2] DEBUG io.netty.buffer.AbstractByteBuf - -Dio.netty.buffer.checkAccessible: true
21:28:23.246 [AsyncHttpClient-1-2] DEBUG io.netty.buffer.AbstractByteBuf - -Dio.netty.buffer.checkBounds: true
21:28:23.246 [AsyncHttpClient-1-2] DEBUG io.netty.util.ResourceLeakDetectorFactory - Loaded default ResourceLeakDetector: io.netty.util.ResourceLeakDetector@1b8a5ecc
21:28:23.307 [AsyncHttpClient-1-2] DEBUG io.netty.util.Recycler - -Dio.netty.recycler.maxCapacityPerThread: 4096
21:28:23.307 [AsyncHttpClient-1-2] DEBUG io.netty.util.Recycler - -Dio.netty.recycler.ratio: 8
21:28:23.307 [AsyncHttpClient-1-2] DEBUG io.netty.util.Recycler - -Dio.netty.recycler.chunkSize: 32
21:28:23.307 [AsyncHttpClient-1-2] DEBUG io.netty.util.Recycler - -Dio.netty.recycler.blocking: false
21:28:23.307 [AsyncHttpClient-1-2] DEBUG io.netty.util.Recycler - -Dio.netty.recycler.batchFastThreadLocalOnly: true
21:28:26.747 [AsyncHttpClient-1-2] DEBUG io.netty.handler.codec.compression.Brotli - brotli4j not in the classpath; Brotli support will be unavailable.
21:28:26.989 [main] DEBUG io.netty.util.internal.ThreadLocalRandom - -Dio.netty.initialSeedUniquifier: 0x4ce0c5e4bff2dd40
21:28:31.590 [main] DEBUG testCases.TC_001_AccountRegistrationTest - application logs....
21:28:31.591 [main] INFO  testCases.TC_001_AccountRegistrationTest - *****Starting TC_001_AccountRegistrationTest******
21:28:32.262 [main] INFO  testCases.TC_001_AccountRegistrationTest - Clicked on My Acccount Link
21:28:34.592 [main] INFO  testCases.TC_001_AccountRegistrationTest - Clicked on Register Link
21:28:34.606 [main] INFO  testCases.TC_001_AccountRegistrationTest - Providing customer data
21:28:36.246 [main] INFO  testCases.TC_001_AccountRegistrationTest - Clicked on continue
21:28:39.719 [main] INFO  testCases.TC_001_AccountRegistrationTest - *****Finished TC_001_AccountRegistrationTest******
21:43:07.833 [main] INFO  testCases.TC_001_AccountRegistrationTest - *****Starting TC_001_AccountRegistrationTest******
21:43:08.533 [main] INFO  testCases.TC_001_AccountRegistrationTest - Clicked on My Acccount Link
21:43:10.155 [main] INFO  testCases.TC_001_AccountRegistrationTest - Clicked on Register Link
21:43:10.162 [main] INFO  testCases.TC_001_AccountRegistrationTest - Providing customer data
21:43:11.879 [main] INFO  testCases.TC_001_AccountRegistrationTest - Clicked on continue
21:43:15.489 [main] INFO  testCases.TC_001_AccountRegistrationTest - *****Finished TC_001_AccountRegistrationTest******
22:40:52.914 [main] INFO  testCases.TC_001_AccountRegistrationTest - *****Starting TC_001_AccountRegistrationTest******
22:40:53.080 [main] INFO  testCases.TC_001_AccountRegistrationTest - Clicked on My Acccount Link
22:40:54.552 [main] INFO  testCases.TC_001_AccountRegistrationTest - Clicked on Register Link
22:40:54.647 [main] INFO  testCases.TC_001_AccountRegistrationTest - Providing customer data
22:40:56.079 [main] INFO  testCases.TC_001_AccountRegistrationTest - Clicked on continue
22:40:59.226 [main] INFO  testCases.TC_001_AccountRegistrationTest - *****Finished TC_001_AccountRegistrationTest******
22:45:19.799 [main] INFO  testCases.TC_001_AccountRegistrationTest - *****Starting TC_001_AccountRegistrationTest******
22:45:20.057 [main] INFO  testCases.TC_001_AccountRegistrationTest - Clicked on My Acccount Link
22:45:21.184 [main] INFO  testCases.TC_001_AccountRegistrationTest - Clicked on Register Link
22:45:21.193 [main] INFO  testCases.TC_001_AccountRegistrationTest - Providing customer data
22:45:22.743 [main] INFO  testCases.TC_001_AccountRegistrationTest - Clicked on continue
22:45:25.842 [main] INFO  testCases.TC_001_AccountRegistrationTest - *****Finished TC_001_AccountRegistrationTest******
23:03:57.111 [main] INFO  testCases.TC_001_AccountRegistrationTest - *****Starting TC_001_AccountRegistrationTest******
23:03:57.557 [main] INFO  testCases.TC_001_AccountRegistrationTest - Clicked on My Acccount Link
23:03:58.756 [main] INFO  testCases.TC_001_AccountRegistrationTest - Clicked on Register Link
23:03:58.855 [main] INFO  testCases.TC_001_AccountRegistrationTest - Providing customer data
23:04:00.454 [main] INFO  testCases.TC_001_AccountRegistrationTest - Clicked on continue
23:04:03.455 [main] INFO  testCases.TC_001_AccountRegistrationTest - *****Finished TC_001_AccountRegistrationTest******
23:10:55.997 [TestNG-tests-2] INFO  testCases.TC_001_AccountRegistrationTest - *****Starting TC_001_AccountRegistrationTest******
23:10:56.130 [TestNG-tests-1] INFO  testCases.TC_001_AccountRegistrationTest - *****Starting TC_001_AccountRegistrationTest******
23:10:56.937 [TestNG-tests-2] INFO  testCases.TC_001_AccountRegistrationTest - Clicked on My Acccount Link
23:10:59.346 [TestNG-tests-1] INFO  testCases.TC_001_AccountRegistrationTest - Clicked on My Acccount Link
23:11:01.450 [TestNG-tests-2] INFO  testCases.TC_001_AccountRegistrationTest - Clicked on Register Link
23:11:01.457 [TestNG-tests-2] INFO  testCases.TC_001_AccountRegistrationTest - Providing customer data
23:11:02.316 [TestNG-tests-1] INFO  testCases.TC_001_AccountRegistrationTest - Clicked on Register Link
23:11:02.320 [TestNG-tests-1] INFO  testCases.TC_001_AccountRegistrationTest - Providing customer data
23:11:06.213 [TestNG-tests-2] INFO  testCases.TC_001_AccountRegistrationTest - Clicked on continue
23:11:06.614 [TestNG-tests-1] INFO  testCases.TC_001_AccountRegistrationTest - Clicked on continue
23:11:10.011 [TestNG-tests-2] INFO  testCases.TC_001_AccountRegistrationTest - *****Finished TC_001_AccountRegistrationTest******
23:11:10.956 [TestNG-tests-1] INFO  testCases.TC_001_AccountRegistrationTest - *****Finished TC_001_AccountRegistrationTest******
23:23:57.237 [main] INFO  testCases.TC_001_AccountRegistrationTest - *****Starting TC_001_AccountRegistrationTest******
23:23:57.491 [main] INFO  testCases.TC_001_AccountRegistrationTest - Clicked on My Acccount Link
23:23:59.394 [main] INFO  testCases.TC_001_AccountRegistrationTest - Clicked on Register Link
23:23:59.407 [main] INFO  testCases.TC_001_AccountRegistrationTest - Providing customer data
23:24:01.254 [main] INFO  testCases.TC_001_AccountRegistrationTest - Clicked on continue
23:24:04.514 [main] INFO  testCases.TC_001_AccountRegistrationTest - *****Finished TC_001_AccountRegistrationTest******
00:07:50.576 [main] INFO  testCases.TC_001_AccountRegistrationTest - *****Starting TC_001_AccountRegistrationTest******
00:07:50.777 [main] INFO  testCases.TC_001_AccountRegistrationTest - Clicked on My Acccount Link
00:07:52.343 [main] INFO  testCases.TC_001_AccountRegistrationTest - Clicked on Register Link
00:07:52.355 [main] INFO  testCases.TC_001_AccountRegistrationTest - Providing customer data
00:07:54.471 [main] INFO  testCases.TC_001_AccountRegistrationTest - Clicked on continue
00:07:57.593 [main] INFO  testCases.TC_001_AccountRegistrationTest - *****Finished TC_001_AccountRegistrationTest******
00:09:17.356 [main] INFO  testCases.TC_001_AccountRegistrationTest - *****Starting TC_001_AccountRegistrationTest******
00:09:17.532 [main] INFO  testCases.TC_001_AccountRegistrationTest - Clicked on My Acccount Link
00:09:19.187 [main] INFO  testCases.TC_001_AccountRegistrationTest - Clicked on Register Link
00:09:19.194 [main] INFO  testCases.TC_001_AccountRegistrationTest - Providing customer data
00:09:20.695 [main] INFO  testCases.TC_001_AccountRegistrationTest - Clicked on continue
08:54:34.670 [main] INFO  testCases.TC_002_LoginTest - *****Starting TC_002_LoginTest******
08:54:34.929 [main] INFO  testCases.TC_002_LoginTest - Clicked on My Acccount Link
08:54:36.396 [main] INFO  testCases.TC_002_LoginTest - Clicked on Login Link
08:54:36.494 [main] INFO  testCases.TC_002_LoginTest - Providing Login Details
08:54:37.711 [main] INFO  testCases.TC_002_LoginTest - Clicked on Login Button
08:54:37.864 [main] INFO  testCases.TC_002_LoginTest - *****Finished TC_002_LoginTest******
08:56:16.588 [main] INFO  testCases.TC_002_LoginTest - *****Starting TC_002_LoginTest******
08:56:16.839 [main] INFO  testCases.TC_002_LoginTest - Clicked on My Acccount Link
08:56:17.765 [main] INFO  testCases.TC_002_LoginTest - Clicked on Login Link
08:56:17.772 [main] INFO  testCases.TC_002_LoginTest - Providing Login Details
08:56:18.686 [main] INFO  testCases.TC_002_LoginTest - Clicked on Login Button
12:17:11.812 [main] INFO  testCases.TC_003_LoginDataDrivenTest -  Starting TC_003_LoginDataDrivenTest 
12:17:15.477 [main] INFO  testCases.TC_003_LoginDataDrivenTest -  Finished TC_003_LoginDataDrivenTest
12:17:15.550 [main] INFO  testCases.TC_003_LoginDataDrivenTest -  Starting TC_003_LoginDataDrivenTest 
12:17:27.466 [main] INFO  testCases.TC_003_LoginDataDrivenTest -  Finished TC_003_LoginDataDrivenTest
12:17:27.488 [main] INFO  testCases.TC_003_LoginDataDrivenTest -  Starting TC_003_LoginDataDrivenTest 
12:17:41.841 [main] INFO  testCases.TC_003_LoginDataDrivenTest -  Finished TC_003_LoginDataDrivenTest
12:17:41.849 [main] INFO  testCases.TC_003_LoginDataDrivenTest -  Starting TC_003_LoginDataDrivenTest 
12:17:53.727 [main] INFO  testCases.TC_003_LoginDataDrivenTest -  Finished TC_003_LoginDataDrivenTest
12:17:53.732 [main] INFO  testCases.TC_003_LoginDataDrivenTest -  Starting TC_003_LoginDataDrivenTest 
12:17:56.191 [main] INFO  testCases.TC_003_LoginDataDrivenTest -  Finished TC_003_LoginDataDrivenTest
12:21:48.248 [main] INFO  testCases.TC_003_LoginDataDrivenTest -  Starting TC_003_LoginDataDrivenTest 
12:21:51.610 [main] INFO  testCases.TC_003_LoginDataDrivenTest -  Finished TC_003_LoginDataDrivenTest
12:21:51.683 [main] INFO  testCases.TC_003_LoginDataDrivenTest -  Starting TC_003_LoginDataDrivenTest 
12:22:03.630 [main] INFO  testCases.TC_003_LoginDataDrivenTest -  Finished TC_003_LoginDataDrivenTest
12:22:03.637 [main] INFO  testCases.TC_003_LoginDataDrivenTest -  Starting TC_003_LoginDataDrivenTest 
12:22:17.418 [main] INFO  testCases.TC_003_LoginDataDrivenTest -  Finished TC_003_LoginDataDrivenTest
12:22:17.423 [main] INFO  testCases.TC_003_LoginDataDrivenTest -  Starting TC_003_LoginDataDrivenTest 
12:22:29.201 [main] INFO  testCases.TC_003_LoginDataDrivenTest -  Finished TC_003_LoginDataDrivenTest
12:22:29.204 [main] INFO  testCases.TC_003_LoginDataDrivenTest -  Starting TC_003_LoginDataDrivenTest 
12:22:32.276 [main] INFO  testCases.TC_003_LoginDataDrivenTest -  Finished TC_003_LoginDataDrivenTest
15:10:19.908 [main] INFO  testCases.TC_001_AccountRegistrationTest - *****Starting TC_001_AccountRegistrationTest******
15:10:20.291 [main] INFO  testCases.TC_001_AccountRegistrationTest - Clicked on My Acccount Link
15:10:22.354 [main] INFO  testCases.TC_001_AccountRegistrationTest - Clicked on Register Link
15:10:22.374 [main] INFO  testCases.TC_001_AccountRegistrationTest - Providing customer data
15:10:24.271 [main] INFO  testCases.TC_001_AccountRegistrationTest - Clicked on continue
15:10:27.440 [main] INFO  testCases.TC_001_AccountRegistrationTest - *****Finished TC_001_AccountRegistrationTest******
15:10:35.264 [main] INFO  testCases.TC_002_LoginTest - *****Starting TC_002_LoginTest******
15:10:35.380 [main] INFO  testCases.TC_002_LoginTest - Clicked on My Acccount Link
15:10:36.311 [main] INFO  testCases.TC_002_LoginTest - Clicked on Login Link
15:10:36.327 [main] INFO  testCases.TC_002_LoginTest - Providing Login Details
15:10:37.782 [main] INFO  testCases.TC_002_LoginTest - Clicked on Login Button
15:10:37.915 [main] INFO  testCases.TC_002_LoginTest - *****Finished TC_002_LoginTest******
07:34:13.472 [main] INFO  testCases.TC_001_AccountRegistrationTest - *****Starting TC_001_AccountRegistrationTest******
07:34:14.031 [main] INFO  testCases.TC_001_AccountRegistrationTest - Clicked on My Acccount Link
07:34:17.660 [main] INFO  testCases.TC_001_AccountRegistrationTest - Clicked on Register Link
07:34:17.680 [main] INFO  testCases.TC_001_AccountRegistrationTest - Providing customer data
07:34:19.907 [main] INFO  testCases.TC_001_AccountRegistrationTest - Clicked on continue
07:34:24.185 [main] INFO  testCases.TC_001_AccountRegistrationTest - *****Finished TC_001_AccountRegistrationTest******
07:34:32.939 [main] INFO  testCases.TC_002_LoginTest - *****Starting TC_002_LoginTest******
07:34:33.266 [main] INFO  testCases.TC_002_LoginTest - Clicked on My Acccount Link
07:34:35.329 [main] INFO  testCases.TC_002_LoginTest - Clicked on Login Link
07:34:35.336 [main] INFO  testCases.TC_002_LoginTest - Providing Login Details
07:34:36.965 [main] INFO  testCases.TC_002_LoginTest - Clicked on Login Button
07:34:37.112 [main] INFO  testCases.TC_002_LoginTest - *****Finished TC_002_LoginTest******
07:35:32.875 [main] INFO  testCases.TC_003_LoginDataDrivenTest -  Starting TC_003_LoginDataDrivenTest 
07:35:36.252 [main] INFO  testCases.TC_003_LoginDataDrivenTest -  Finished TC_003_LoginDataDrivenTest
07:35:36.299 [main] INFO  testCases.TC_003_LoginDataDrivenTest -  Starting TC_003_LoginDataDrivenTest 
07:35:48.175 [main] INFO  testCases.TC_003_LoginDataDrivenTest -  Finished TC_003_LoginDataDrivenTest
07:35:48.183 [main] INFO  testCases.TC_003_LoginDataDrivenTest -  Starting TC_003_LoginDataDrivenTest 
07:36:00.522 [main] INFO  testCases.TC_003_LoginDataDrivenTest -  Finished TC_003_LoginDataDrivenTest
07:36:00.524 [main] INFO  testCases.TC_003_LoginDataDrivenTest -  Starting TC_003_LoginDataDrivenTest 
07:36:12.237 [main] INFO  testCases.TC_003_LoginDataDrivenTest -  Finished TC_003_LoginDataDrivenTest
07:36:12.242 [main] INFO  testCases.TC_003_LoginDataDrivenTest -  Starting TC_003_LoginDataDrivenTest 
07:36:14.916 [main] INFO  testCases.TC_003_LoginDataDrivenTest -  Finished TC_003_LoginDataDrivenTest
07:39:58.399 [main] INFO  testCases.TC_001_AccountRegistrationTest - *****Starting TC_001_AccountRegistrationTest******
07:39:59.183 [main] INFO  testCases.TC_001_AccountRegistrationTest - Clicked on My Acccount Link
07:40:00.391 [main] INFO  testCases.TC_001_AccountRegistrationTest - Clicked on Register Link
07:40:00.397 [main] INFO  testCases.TC_001_AccountRegistrationTest - Providing customer data
07:40:02.539 [main] INFO  testCases.TC_001_AccountRegistrationTest - Clicked on continue
07:40:05.702 [main] INFO  testCases.TC_001_AccountRegistrationTest - *****Finished TC_001_AccountRegistrationTest******
07:40:12.748 [main] INFO  testCases.TC_002_LoginTest - *****Starting TC_002_LoginTest******
07:40:12.880 [main] INFO  testCases.TC_002_LoginTest - Clicked on My Acccount Link
07:40:14.229 [main] INFO  testCases.TC_002_LoginTest - Clicked on Login Link
07:40:14.240 [main] INFO  testCases.TC_002_LoginTest - Providing Login Details
07:40:15.485 [main] INFO  testCases.TC_002_LoginTest - Clicked on Login Button
07:40:15.581 [main] INFO  testCases.TC_002_LoginTest - *****Finished TC_002_LoginTest******
10:17:08.675 [main] INFO  testCases.TC_001_AccountRegistrationTest - *****Starting TC_001_AccountRegistrationTest******
10:17:08.988 [main] INFO  testCases.TC_001_AccountRegistrationTest - Clicked on My Acccount Link
10:17:11.187 [main] INFO  testCases.TC_001_AccountRegistrationTest - Clicked on Register Link
10:17:11.190 [main] INFO  testCases.TC_001_AccountRegistrationTest - Providing customer data
10:17:12.922 [main] INFO  testCases.TC_001_AccountRegistrationTest - Clicked on continue
10:17:19.279 [main] INFO  testCases.TC_001_AccountRegistrationTest - *****Finished TC_001_AccountRegistrationTest******
10:17:29.491 [main] INFO  testCases.TC_002_LoginTest - *****Starting TC_002_LoginTest******
10:17:29.766 [main] INFO  testCases.TC_002_LoginTest - Clicked on My Acccount Link
10:17:31.499 [main] INFO  testCases.TC_002_LoginTest - Clicked on Login Link
10:17:31.520 [main] INFO  testCases.TC_002_LoginTest - Providing Login Details
10:17:33.025 [main] INFO  testCases.TC_002_LoginTest - Clicked on Login Button
10:17:33.170 [main] INFO  testCases.TC_002_LoginTest - *****Finished TC_002_LoginTest******
10:20:31.994 [main] INFO  testCases.TC_001_AccountRegistrationTest - *****Starting TC_001_AccountRegistrationTest******
10:20:32.267 [main] INFO  testCases.TC_001_AccountRegistrationTest - Clicked on My Acccount Link
10:20:33.964 [main] INFO  testCases.TC_001_AccountRegistrationTest - Clicked on Register Link
10:20:33.975 [main] INFO  testCases.TC_001_AccountRegistrationTest - Providing customer data
10:20:35.521 [main] INFO  testCases.TC_001_AccountRegistrationTest - Clicked on continue
10:20:39.202 [main] INFO  testCases.TC_001_AccountRegistrationTest - *****Finished TC_001_AccountRegistrationTest******
10:20:47.413 [main] INFO  testCases.TC_002_LoginTest - *****Starting TC_002_LoginTest******
10:20:47.584 [main] INFO  testCases.TC_002_LoginTest - Clicked on My Acccount Link
10:20:48.903 [main] INFO  testCases.TC_002_LoginTest - Clicked on Login Link
10:20:48.931 [main] INFO  testCases.TC_002_LoginTest - Providing Login Details
10:20:50.162 [main] INFO  testCases.TC_002_LoginTest - Clicked on Login Button
10:20:50.299 [main] INFO  testCases.TC_002_LoginTest - *****Finished TC_002_LoginTest******
10:27:56.697 [main] INFO  testCases.TC_001_AccountRegistrationTest - *****Starting TC_001_AccountRegistrationTest******
10:27:57.040 [main] INFO  testCases.TC_001_AccountRegistrationTest - Clicked on My Acccount Link
10:27:58.102 [main] INFO  testCases.TC_001_AccountRegistrationTest - Clicked on Register Link
10:27:58.115 [main] INFO  testCases.TC_001_AccountRegistrationTest - Providing customer data
10:27:59.680 [main] INFO  testCases.TC_001_AccountRegistrationTest - Clicked on continue
10:28:02.922 [main] INFO  testCases.TC_001_AccountRegistrationTest - *****Finished TC_001_AccountRegistrationTest******
10:28:11.000 [main] INFO  testCases.TC_002_LoginTest - *****Starting TC_002_LoginTest******
10:28:11.110 [main] INFO  testCases.TC_002_LoginTest - Clicked on My Acccount Link
10:28:11.938 [main] INFO  testCases.TC_002_LoginTest - Clicked on Login Link
10:28:11.951 [main] INFO  testCases.TC_002_LoginTest - Providing Login Details
10:28:13.146 [main] INFO  testCases.TC_002_LoginTest - Clicked on Login Button
10:28:13.319 [main] INFO  testCases.TC_002_LoginTest - *****Finished TC_002_LoginTest******
